<?xml version="1.0" encoding="UTF-8"?>
<testng-results total="1" passed="1" failed="0" skipped="0">
  <reporter-output>
  </reporter-output>
  <suite started-at="2025-09-08T10:07:15Z" name="Default suite" finished-at="2025-09-08T10:07:15Z" duration-ms="66">
    <groups>
    </groups>
    <test started-at="2025-09-08T10:07:15Z" name="Default test" finished-at="2025-09-08T10:07:15Z" duration-ms="66">
      <class name="pkg1.ClassA">
        <test-method signature="tc1()[pri:0, instance:pkg1.ClassA@46b61c56]" started-at="2025-09-08T15:37:15Z" name="tc1" finished-at="2025-09-08T15:37:15Z" duration-ms="37" status="PASS">
          <reporter-output>
          </reporter-output>
        </test-method> <!-- tc1 -->
      </class> <!-- pkg1.ClassA -->
    </test> <!-- Default test -->
  </suite> <!-- Default suite -->
</testng-results>
